<?xml version="1.0" encoding="UTF-8"?>
<!-- Generated by org.testng.reporters.JUnitXMLReporter -->
<testsuite ignored="0" hostname="LAPTOP-FS5DNJID" failures="0" tests="4" name="Test" time="64.391" errors="0" timestamp="2023-03-31T11:18:34 IST">
  <testcase classname="MyTestNGPakage.Program1" name="Electronics" time="5.158"/>
  <testcase classname="MyTestNGPakage.Program1" name="VerifyLogo" time="0.526"/>
  <testcase classname="MyTestNGPakage.Program1" name="VerifyProduct" time="4.615"/>
  <testcase classname="MyTestNGPakage.Program1" name="VerifyTitle" time="0.258"/>
</testsuite> <!-- Test -->
